<?xml version="1.0" encoding="UTF-8"?>
<testsuite xmlns:xsi="http://www.w3.org/2001/XMLSchema-instance" xsi:noNamespaceSchemaLocation="https://maven.apache.org/surefire/maven-surefire-plugin/xsd/surefire-test-report-3.0.xsd" version="3.0" name="testrunner.TestRunner" time="154.708" tests="14" errors="0" skipped="0" failures="0">
  <properties>
[...]
</properties>
  <testcase name="runScenario[&quot;User could register with valid data&quot;, &quot;Optional[User Registration]&quot;](1)" classname="testrunner.TestRunner" time="19.474">
    <system-out><![CDATA[
@regression
Scenario: User could register with valid data         &amp#27;[90m# src/main/resources/features/F01_Register.feature:4&amp#27;[0m
  &amp#27;[32mGiven &amp#27;[0m&amp#27;[32mUser navigates to register page&amp#27;[0m               &amp#27;[90m# step_definitions.RegisterStepDefinition.user_navigates_to_register_page()&amp#27;[0m
  &amp#27;[32mWhen &amp#27;[0m&amp#27;[32mUser fills the required fields with valid data&amp#27;[0m &amp#27;[90m# step_definitions.RegisterStepDefinition.user_fills_the_required_fields_with_valid_data()&amp#27;[0m
  &amp#27;[32mAnd &amp#27;[0m&amp#27;[32mUser clicks register button&amp#27;[0m                     &amp#27;[90m# step_definitions.RegisterStepDefinition.user_clicks_register_button()&amp#27;[0m
  &amp#27;[32mThen &amp#27;[0m&amp#27;[32mUser could register successfully&amp#27;[0m               &amp#27;[90m# step_definitions.RegisterStepDefinition.user_could_register_successfully()&amp#27;[0m
]]></system-out>
    <system-err><![CDATA[SLF4J: Failed to load class "org.slf4j.impl.StaticLoggerBinder".
SLF4J: Defaulting to no-operation (NOP) logger implementation
SLF4J: See http://www.slf4j.org/codes.html#StaticLoggerBinder for further details.
Starting ChromeDriver 101.0.4951.41 (93c720db8323b3ec10d056025ab95c23a31997c9-refs/branch-heads/4951@{#904}) on port 52077
Only local connections are allowed.
Please see https://chromedriver.chromium.org/security-considerations for suggestions on keeping ChromeDriver safe.
ChromeDriver was started successfully.
May 09, 2022 1:22:41 PM org.openqa.selenium.remote.ProtocolHandshake createSession
INFO: Detected dialect: W3C
May 09, 2022 1:22:41 PM org.openqa.selenium.devtools.CdpVersionFinder findNearestMatch
WARNING: Unable to find an exact match for CDP version 101, so returning the closest version found: 99
May 09, 2022 1:22:41 PM org.openqa.selenium.devtools.CdpVersionFinder findNearestMatch
INFO: Found CDP implementation for version 101 of 99
May 09, 2022 1:22:48 PM org.openqa.selenium.remote.http.WebSocket$Listener onError
WARNING: Connection reset
java.net.SocketException: Connection reset
	at java.base/sun.nio.ch.SocketChannelImpl.throwConnectionReset(SocketChannelImpl.java:394)
	at java.base/sun.nio.ch.SocketChannelImpl.read(SocketChannelImpl.java:426)
	at io.netty.buffer.PooledByteBuf.setBytes(PooledByteBuf.java:258)
	at io.netty.buffer.AbstractByteBuf.writeBytes(AbstractByteBuf.java:1132)
	at io.netty.channel.socket.nio.NioSocketChannel.doReadBytes(NioSocketChannel.java:350)
	at io.netty.channel.nio.AbstractNioByteChannel$NioByteUnsafe.read(AbstractNioByteChannel.java:151)
	at io.netty.channel.nio.NioEventLoop.processSelectedKey(NioEventLoop.java:722)
	at io.netty.channel.nio.NioEventLoop.processSelectedKeysOptimized(NioEventLoop.java:658)
	at io.netty.channel.nio.NioEventLoop.processSelectedKeys(NioEventLoop.java:584)
	at io.netty.channel.nio.NioEventLoop.run(NioEventLoop.java:496)
	at io.netty.util.concurrent.SingleThreadEventExecutor$4.run(SingleThreadEventExecutor.java:986)
	at io.netty.util.internal.ThreadExecutorMap$2.run(ThreadExecutorMap.java:74)
	at io.netty.util.concurrent.FastThreadLocalRunnable.run(FastThreadLocalRunnable.java:30)
	at java.base/java.lang.Thread.run(Thread.java:833)

]]></system-err>
  </testcase>
  <testcase name="runScenario[&quot;User could log in with valid email and password&quot;, &quot;Optional[User Login]&quot;](2)" classname="testrunner.TestRunner" time="7.47">
    <system-out><![CDATA[
@regression
Scenario: User could log in with valid email and password           &amp#27;[90m# src/main/resources/features/F02_Login.feature:4&amp#27;[0m
  &amp#27;[32mGiven &amp#27;[0m&amp#27;[32mUser navigates to login page&amp#27;[0m                                &amp#27;[90m# step_definitions.LoginStepDefinition.user_navigates_to_login_page()&amp#27;[0m
  &amp#27;[32mWhen &amp#27;[0m&amp#27;[32mUser fills the required fields with valid email and password&amp#27;[0m &amp#27;[90m# step_definitions.LoginStepDefinition.user_fills_the_required_fields_with_valid_email_and_password()&amp#27;[0m
  &amp#27;[32mAnd &amp#27;[0m&amp#27;[32mUser clicks login button&amp#27;[0m                                      &amp#27;[90m# step_definitions.LoginStepDefinition.user_clicks_login_button()&amp#27;[0m
  &amp#27;[32mThen &amp#27;[0m&amp#27;[32mUser could login successfully&amp#27;[0m                                &amp#27;[90m# step_definitions.LoginStepDefinition.user_could_login_successfully()&amp#27;[0m
]]></system-out>
    <system-err><![CDATA[Starting ChromeDriver 101.0.4951.41 (93c720db8323b3ec10d056025ab95c23a31997c9-refs/branch-heads/4951@{#904}) on port 63442
Only local connections are allowed.
Please see https://chromedriver.chromium.org/security-considerations for suggestions on keeping ChromeDriver safe.
ChromeDriver was started successfully.
May 09, 2022 1:22:50 PM org.openqa.selenium.remote.ProtocolHandshake createSession
INFO: Detected dialect: W3C
May 09, 2022 1:22:50 PM org.openqa.selenium.devtools.CdpVersionFinder findNearestMatch
WARNING: Unable to find an exact match for CDP version 101, so returning the closest version found: 99
May 09, 2022 1:22:50 PM org.openqa.selenium.devtools.CdpVersionFinder findNearestMatch
INFO: Found CDP implementation for version 101 of 99
]]></system-err>
  </testcase>
  <testcase name="runScenario[&quot;User could reset his/her password successfully&quot;, &quot;Optional[Resting Password]&quot;](3)" classname="testrunner.TestRunner" time="5.611">
    <system-out><![CDATA[
@regression
Scenario: User could reset his/her password successfully    &amp#27;[90m# src/main/resources/features/F03_ResetPassword.feature:4&amp#27;[0m
  &amp#27;[32mGiven &amp#27;[0m&amp#27;[32mUser navigates to login page&amp#27;[0m                        &amp#27;[90m# step_definitions.LoginStepDefinition.user_navigates_to_login_page()&amp#27;[0m
  &amp#27;[32mAnd &amp#27;[0m&amp#27;[32mUser clicks forgot password button&amp#27;[0m                    &amp#27;[90m# step_definitions.ResetPasswordStepDefinition.user_clicks_forgot_password_button()&amp#27;[0m
  &amp#27;[32mWhen &amp#27;[0m&amp#27;[32mUser fills the required email field with valid email&amp#27;[0m &amp#27;[90m# step_definitions.ResetPasswordStepDefinition.user_fills_the_required_email_field_with_valid_email()&amp#27;[0m
  &amp#27;[32mAnd &amp#27;[0m&amp#27;[32mUser clicks recover button&amp#27;[0m                            &amp#27;[90m# step_definitions.ResetPasswordStepDefinition.user_clicks_recover_button()&amp#27;[0m
  &amp#27;[32mThen &amp#27;[0m&amp#27;[32mInstructions email message should be displayed&amp#27;[0m       &amp#27;[90m# step_definitions.ResetPasswordStepDefinition.instructions_email_message_should_be_displayed()&amp#27;[0m
]]></system-out>
    <system-err><![CDATA[Starting ChromeDriver 101.0.4951.41 (93c720db8323b3ec10d056025ab95c23a31997c9-refs/branch-heads/4951@{#904}) on port 49732
Only local connections are allowed.
Please see https://chromedriver.chromium.org/security-considerations for suggestions on keeping ChromeDriver safe.
ChromeDriver was started successfully.
May 09, 2022 1:22:57 PM org.openqa.selenium.remote.ProtocolHandshake createSession
INFO: Detected dialect: W3C
May 09, 2022 1:22:57 PM org.openqa.selenium.devtools.CdpVersionFinder findNearestMatch
WARNING: Unable to find an exact match for CDP version 101, so returning the closest version found: 99
May 09, 2022 1:22:57 PM org.openqa.selenium.devtools.CdpVersionFinder findNearestMatch
INFO: Found CDP implementation for version 101 of 99
]]></system-err>
  </testcase>
  <testcase name="runScenario[&quot;Logged User could search for any product&quot;, &quot;Optional[Product Search]&quot;](4)" classname="testrunner.TestRunner" time="9.04">
    <system-out><![CDATA[
@regression
Scenario: Logged User could search for any product                  &amp#27;[90m# src/main/resources/features/F04_Search.feature:10&amp#27;[0m
  &amp#27;[32mGiven &amp#27;[0m&amp#27;[32mUser navigates to login page&amp#27;[0m                                &amp#27;[90m# step_definitions.LoginStepDefinition.user_navigates_to_login_page()&amp#27;[0m
  &amp#27;[32mWhen &amp#27;[0m&amp#27;[32mUser fills the required fields with valid email and password&amp#27;[0m &amp#27;[90m# step_definitions.LoginStepDefinition.user_fills_the_required_fields_with_valid_email_and_password()&amp#27;[0m
  &amp#27;[32mAnd &amp#27;[0m&amp#27;[32mUser clicks login button&amp#27;[0m                                      &amp#27;[90m# step_definitions.LoginStepDefinition.user_clicks_login_button()&amp#27;[0m
  &amp#27;[32mThen &amp#27;[0m&amp#27;[32mUser could login successfully&amp#27;[0m                                &amp#27;[90m# step_definitions.LoginStepDefinition.user_could_login_successfully()&amp#27;[0m
  &amp#27;[32mWhen &amp#27;[0m&amp#27;[32mUser clicks search field&amp#27;[0m                                     &amp#27;[90m# step_definitions.SearchStepDefinition.user_clicks_search_field()&amp#27;[0m
  &amp#27;[32mAnd &amp#27;[0m&amp#27;[32mUser fills the search field&amp#27;[0m                                   &amp#27;[90m# step_definitions.SearchStepDefinition.user_fills_the_search_field()&amp#27;[0m
  &amp#27;[32mAnd &amp#27;[0m&amp#27;[32mUser clicks search result from the result menu&amp#27;[0m                &amp#27;[90m# step_definitions.SearchStepDefinition.user_clicks_search_result_from_the_result_menu()&amp#27;[0m
  &amp#27;[32mThen &amp#27;[0m&amp#27;[32mSearch result should be displayed as the user's search&amp#27;[0m       &amp#27;[90m# step_definitions.SearchStepDefinition.search_result_should_be_displayed_as_the_user_s_search()&amp#27;[0m
]]></system-out>
    <system-err><![CDATA[Starting ChromeDriver 101.0.4951.41 (93c720db8323b3ec10d056025ab95c23a31997c9-refs/branch-heads/4951@{#904}) on port 54169
Only local connections are allowed.
Please see https://chromedriver.chromium.org/security-considerations for suggestions on keeping ChromeDriver safe.
ChromeDriver was started successfully.
May 09, 2022 1:23:02 PM org.openqa.selenium.remote.ProtocolHandshake createSession
INFO: Detected dialect: W3C
May 09, 2022 1:23:02 PM org.openqa.selenium.devtools.CdpVersionFinder findNearestMatch
WARNING: Unable to find an exact match for CDP version 101, so returning the closest version found: 99
May 09, 2022 1:23:02 PM org.openqa.selenium.devtools.CdpVersionFinder findNearestMatch
INFO: Found CDP implementation for version 101 of 99
]]></system-err>
  </testcase>
  <testcase name="runScenario[&quot;Logged User could switch between currencies US-Euro&quot;, &quot;Optional[Change Currency]&quot;](5)" classname="testrunner.TestRunner" time="7.476">
    <system-out><![CDATA[
@regression
Scenario: Logged User could switch between currencies US-Euro       &amp#27;[90m# src/main/resources/features/F05_ChangeTheCurrency.feature:11&amp#27;[0m
  &amp#27;[32mGiven &amp#27;[0m&amp#27;[32mUser navigates to login page&amp#27;[0m                                &amp#27;[90m# step_definitions.LoginStepDefinition.user_navigates_to_login_page()&amp#27;[0m
  &amp#27;[32mWhen &amp#27;[0m&amp#27;[32mUser fills the required fields with valid email and password&amp#27;[0m &amp#27;[90m# step_definitions.LoginStepDefinition.user_fills_the_required_fields_with_valid_email_and_password()&amp#27;[0m
  &amp#27;[32mAnd &amp#27;[0m&amp#27;[32mUser clicks login button&amp#27;[0m                                      &amp#27;[90m# step_definitions.LoginStepDefinition.user_clicks_login_button()&amp#27;[0m
  &amp#27;[32mThen &amp#27;[0m&amp#27;[32mUser could login successfully&amp#27;[0m                                &amp#27;[90m# step_definitions.LoginStepDefinition.user_could_login_successfully()&amp#27;[0m
  &amp#27;[32mWhen &amp#27;[0m&amp#27;[32mUser clicks currency button&amp#27;[0m                                  &amp#27;[90m# step_definitions.ChangeCurrencyStepDefinition.user_clicks_currency_button()&amp#27;[0m
  &amp#27;[32mAnd &amp#27;[0m&amp#27;[32mUser clicks euro button&amp#27;[0m                                       &amp#27;[90m# step_definitions.ChangeCurrencyStepDefinition.user_clicks_euro_button()&amp#27;[0m
€1032.00
  &amp#27;[32mThen &amp#27;[0m&amp#27;[32mCurrency changes to euro&amp#27;[0m                                     &amp#27;[90m# step_definitions.ChangeCurrencyStepDefinition.currency_changes_to_euro()&amp#27;[0m
]]></system-out>
    <system-err><![CDATA[Starting ChromeDriver 101.0.4951.41 (93c720db8323b3ec10d056025ab95c23a31997c9-refs/branch-heads/4951@{#904}) on port 59220
Only local connections are allowed.
Please see https://chromedriver.chromium.org/security-considerations for suggestions on keeping ChromeDriver safe.
ChromeDriver was started successfully.
May 09, 2022 1:23:11 PM org.openqa.selenium.remote.ProtocolHandshake createSession
INFO: Detected dialect: W3C
May 09, 2022 1:23:11 PM org.openqa.selenium.devtools.CdpVersionFinder findNearestMatch
WARNING: Unable to find an exact match for CDP version 101, so returning the closest version found: 99
May 09, 2022 1:23:11 PM org.openqa.selenium.devtools.CdpVersionFinder findNearestMatch
INFO: Found CDP implementation for version 101 of 99
]]></system-err>
  </testcase>
  <testcase name="runScenario[&quot;Logged user could select different Categories&quot;, &quot;Optional[Select different categories]&quot;](6)" classname="testrunner.TestRunner" time="6.928">
    <system-out><![CDATA[
@regression
Scenario: Logged user could select different Categories             &amp#27;[90m# src/main/resources/features/F06_Categories.feature:10&amp#27;[0m
  &amp#27;[32mGiven &amp#27;[0m&amp#27;[32mUser navigates to login page&amp#27;[0m                                &amp#27;[90m# step_definitions.LoginStepDefinition.user_navigates_to_login_page()&amp#27;[0m
  &amp#27;[32mWhen &amp#27;[0m&amp#27;[32mUser fills the required fields with valid email and password&amp#27;[0m &amp#27;[90m# step_definitions.LoginStepDefinition.user_fills_the_required_fields_with_valid_email_and_password()&amp#27;[0m
  &amp#27;[32mAnd &amp#27;[0m&amp#27;[32mUser clicks login button&amp#27;[0m                                      &amp#27;[90m# step_definitions.LoginStepDefinition.user_clicks_login_button()&amp#27;[0m
  &amp#27;[32mThen &amp#27;[0m&amp#27;[32mUser could login successfully&amp#27;[0m                                &amp#27;[90m# step_definitions.LoginStepDefinition.user_could_login_successfully()&amp#27;[0m
  &amp#27;[32mWhen &amp#27;[0m&amp#27;[32mUser hover over Computers category&amp#27;[0m                           &amp#27;[90m# step_definitions.CategoriesStepDefinition.user_hover_over_Computers_category()&amp#27;[0m
  &amp#27;[32mAnd &amp#27;[0m&amp#27;[32mUser clicks Desktops sub-Category&amp#27;[0m                             &amp#27;[90m# step_definitions.CategoriesStepDefinition.user_clicks_Desktop_sub_category()&amp#27;[0m
  &amp#27;[32mThen &amp#27;[0m&amp#27;[32mCategory result is displaying&amp#27;[0m                                &amp#27;[90m# step_definitions.CategoriesStepDefinition.category_result_is_displaying()&amp#27;[0m
]]></system-out>
    <system-err><![CDATA[Starting ChromeDriver 101.0.4951.41 (93c720db8323b3ec10d056025ab95c23a31997c9-refs/branch-heads/4951@{#904}) on port 58423
Only local connections are allowed.
Please see https://chromedriver.chromium.org/security-considerations for suggestions on keeping ChromeDriver safe.
ChromeDriver was started successfully.
May 09, 2022 1:23:19 PM org.openqa.selenium.remote.ProtocolHandshake createSession
INFO: Detected dialect: W3C
May 09, 2022 1:23:19 PM org.openqa.selenium.devtools.CdpVersionFinder findNearestMatch
WARNING: Unable to find an exact match for CDP version 101, so returning the closest version found: 99
May 09, 2022 1:23:19 PM org.openqa.selenium.devtools.CdpVersionFinder findNearestMatch
INFO: Found CDP implementation for version 101 of 99
]]></system-err>
  </testcase>
  <testcase name="runScenario[&quot;Logged user could select different Categories&quot;, &quot;Optional[Product Color Filter]&quot;](7)" classname="testrunner.TestRunner" time="8.838">
    <system-out><![CDATA[
@regression
Scenario: Logged user could select different Categories             &amp#27;[90m# src/main/resources/features/F07_ColorFilter.feature:10&amp#27;[0m
  &amp#27;[32mGiven &amp#27;[0m&amp#27;[32mUser navigates to login page&amp#27;[0m                                &amp#27;[90m# step_definitions.LoginStepDefinition.user_navigates_to_login_page()&amp#27;[0m
  &amp#27;[32mWhen &amp#27;[0m&amp#27;[32mUser fills the required fields with valid email and password&amp#27;[0m &amp#27;[90m# step_definitions.LoginStepDefinition.user_fills_the_required_fields_with_valid_email_and_password()&amp#27;[0m
  &amp#27;[32mAnd &amp#27;[0m&amp#27;[32mUser clicks login button&amp#27;[0m                                      &amp#27;[90m# step_definitions.LoginStepDefinition.user_clicks_login_button()&amp#27;[0m
  &amp#27;[32mThen &amp#27;[0m&amp#27;[32mUser could login successfully&amp#27;[0m                                &amp#27;[90m# step_definitions.LoginStepDefinition.user_could_login_successfully()&amp#27;[0m
  &amp#27;[32mWhen &amp#27;[0m&amp#27;[32mUser hover over apparel category&amp#27;[0m                             &amp#27;[90m# step_definitions.ColorFilterStepDefinition.user_hover_over_apparel_category()&amp#27;[0m
  &amp#27;[32mAnd &amp#27;[0m&amp#27;[32mUser clicks shoes sub-Category&amp#27;[0m                                &amp#27;[90m# step_definitions.ColorFilterStepDefinition.user_clicks_shoes_sub_category()&amp#27;[0m
  &amp#27;[32mAnd &amp#27;[0m&amp#27;[32mUser selects red color&amp#27;[0m                                        &amp#27;[90m# step_definitions.ColorFilterStepDefinition.user_selects_red_color()&amp#27;[0m
  &amp#27;[32mAnd &amp#27;[0m&amp#27;[32mUser clicks filtered item&amp#27;[0m                                     &amp#27;[90m# step_definitions.ColorFilterStepDefinition.user_clicks_filtered_item()&amp#27;[0m
  &amp#27;[32mThen &amp#27;[0m&amp#27;[32mRed color should be found&amp#27;[0m                                    &amp#27;[90m# step_definitions.ColorFilterStepDefinition.red_color_should_be_found()&amp#27;[0m
]]></system-out>
    <system-err><![CDATA[Starting ChromeDriver 101.0.4951.41 (93c720db8323b3ec10d056025ab95c23a31997c9-refs/branch-heads/4951@{#904}) on port 53322
Only local connections are allowed.
Please see https://chromedriver.chromium.org/security-considerations for suggestions on keeping ChromeDriver safe.
ChromeDriver was started successfully.
May 09, 2022 1:23:26 PM org.openqa.selenium.remote.ProtocolHandshake createSession
INFO: Detected dialect: W3C
May 09, 2022 1:23:26 PM org.openqa.selenium.devtools.CdpVersionFinder findNearestMatch
WARNING: Unable to find an exact match for CDP version 101, so returning the closest version found: 99
May 09, 2022 1:23:26 PM org.openqa.selenium.devtools.CdpVersionFinder findNearestMatch
INFO: Found CDP implementation for version 101 of 99
]]></system-err>
  </testcase>
  <testcase name="runScenario[&quot;Logged user could select different tags from side menu&quot;, &quot;Optional[Product Tags]&quot;](8)" classname="testrunner.TestRunner" time="8.186">
    <system-out><![CDATA[
@regression
Scenario: Logged user could select different tags from side menu    &amp#27;[90m# src/main/resources/features/F08_Tags.feature:10&amp#27;[0m
  &amp#27;[32mGiven &amp#27;[0m&amp#27;[32mUser navigates to login page&amp#27;[0m                                &amp#27;[90m# step_definitions.LoginStepDefinition.user_navigates_to_login_page()&amp#27;[0m
  &amp#27;[32mWhen &amp#27;[0m&amp#27;[32mUser fills the required fields with valid email and password&amp#27;[0m &amp#27;[90m# step_definitions.LoginStepDefinition.user_fills_the_required_fields_with_valid_email_and_password()&amp#27;[0m
  &amp#27;[32mAnd &amp#27;[0m&amp#27;[32mUser clicks login button&amp#27;[0m                                      &amp#27;[90m# step_definitions.LoginStepDefinition.user_clicks_login_button()&amp#27;[0m
  &amp#27;[32mThen &amp#27;[0m&amp#27;[32mUser could login successfully&amp#27;[0m                                &amp#27;[90m# step_definitions.LoginStepDefinition.user_could_login_successfully()&amp#27;[0m
  &amp#27;[32mGiven &amp#27;[0m&amp#27;[32mUser clicks Computers category&amp#27;[0m                              &amp#27;[90m# step_definitions.TagsStepDefinition.user_clicks_computers_category()&amp#27;[0m
  &amp#27;[32mWhen &amp#27;[0m&amp#27;[32mUser scrolls down to tags section and clicks a tag&amp#27;[0m           &amp#27;[90m# step_definitions.TagsStepDefinition.user_scrolls_down_to_tags_section_and_clicks_a_tag()&amp#27;[0m
  &amp#27;[32mThen &amp#27;[0m&amp#27;[32mChosen tag page is opened&amp#27;[0m                                    &amp#27;[90m# step_definitions.TagsStepDefinition.chosen_tag_page_is_opened()&amp#27;[0m
]]></system-out>
    <system-err><![CDATA[Starting ChromeDriver 101.0.4951.41 (93c720db8323b3ec10d056025ab95c23a31997c9-refs/branch-heads/4951@{#904}) on port 57457
Only local connections are allowed.
Please see https://chromedriver.chromium.org/security-considerations for suggestions on keeping ChromeDriver safe.
ChromeDriver was started successfully.
May 09, 2022 1:23:35 PM org.openqa.selenium.remote.ProtocolHandshake createSession
INFO: Detected dialect: W3C
May 09, 2022 1:23:35 PM org.openqa.selenium.devtools.CdpVersionFinder findNearestMatch
WARNING: Unable to find an exact match for CDP version 101, so returning the closest version found: 99
May 09, 2022 1:23:35 PM org.openqa.selenium.devtools.CdpVersionFinder findNearestMatch
INFO: Found CDP implementation for version 101 of 99
]]></system-err>
  </testcase>
  <testcase name="runScenario[&quot;Logged user could select different tags from tags page&quot;, &quot;Optional[Product Tags]&quot;](9)" classname="testrunner.TestRunner" time="9.638">
    <system-out><![CDATA[
@regression
Scenario: Logged user could select different tags from tags page    &amp#27;[90m# src/main/resources/features/F08_Tags.feature:15&amp#27;[0m
  &amp#27;[32mGiven &amp#27;[0m&amp#27;[32mUser navigates to login page&amp#27;[0m                                &amp#27;[90m# step_definitions.LoginStepDefinition.user_navigates_to_login_page()&amp#27;[0m
  &amp#27;[32mWhen &amp#27;[0m&amp#27;[32mUser fills the required fields with valid email and password&amp#27;[0m &amp#27;[90m# step_definitions.LoginStepDefinition.user_fills_the_required_fields_with_valid_email_and_password()&amp#27;[0m
  &amp#27;[32mAnd &amp#27;[0m&amp#27;[32mUser clicks login button&amp#27;[0m                                      &amp#27;[90m# step_definitions.LoginStepDefinition.user_clicks_login_button()&amp#27;[0m
  &amp#27;[32mThen &amp#27;[0m&amp#27;[32mUser could login successfully&amp#27;[0m                                &amp#27;[90m# step_definitions.LoginStepDefinition.user_could_login_successfully()&amp#27;[0m
  &amp#27;[32mGiven &amp#27;[0m&amp#27;[32mUser clicks Computers category&amp#27;[0m                              &amp#27;[90m# step_definitions.TagsStepDefinition.user_clicks_computers_category()&amp#27;[0m
  &amp#27;[32mWhen &amp#27;[0m&amp#27;[32mUser scrolls down to tags section and clicks view all&amp#27;[0m        &amp#27;[90m# step_definitions.TagsStepDefinition.user_scrolls_down_to_tags_section_and_clicks_view_all()&amp#27;[0m
  &amp#27;[32mAnd &amp#27;[0m&amp#27;[32mUser clicks a tag&amp#27;[0m                                             &amp#27;[90m# step_definitions.TagsStepDefinition.user_clicks_a_tag()&amp#27;[0m
  &amp#27;[32mThen &amp#27;[0m&amp#27;[32mChosen tag page is opened&amp#27;[0m                                    &amp#27;[90m# step_definitions.TagsStepDefinition.chosen_tag_page_is_opened()&amp#27;[0m
]]></system-out>
    <system-err><![CDATA[Starting ChromeDriver 101.0.4951.41 (93c720db8323b3ec10d056025ab95c23a31997c9-refs/branch-heads/4951@{#904}) on port 56401
Only local connections are allowed.
Please see https://chromedriver.chromium.org/security-considerations for suggestions on keeping ChromeDriver safe.
ChromeDriver was started successfully.
May 09, 2022 1:23:43 PM org.openqa.selenium.remote.ProtocolHandshake createSession
INFO: Detected dialect: W3C
May 09, 2022 1:23:43 PM org.openqa.selenium.devtools.CdpVersionFinder findNearestMatch
WARNING: Unable to find an exact match for CDP version 101, so returning the closest version found: 99
May 09, 2022 1:23:43 PM org.openqa.selenium.devtools.CdpVersionFinder findNearestMatch
INFO: Found CDP implementation for version 101 of 99
]]></system-err>
  </testcase>
  <testcase name="runScenario[&quot;Logged user could add different products to Shopping cart from the product page&quot;, &quot;Optional[Add Product to Cart]&quot;](11)" classname="testrunner.TestRunner" time="12.798">
    <system-out><![CDATA[
@regression
Scenario: Logged user could add different products to Shopping cart &amp#27;[90m# src/main/resources/features/F09_AddToCart.feature:10&amp#27;[0m
  &amp#27;[32mGiven &amp#27;[0m&amp#27;[32mUser navigates to login page&amp#27;[0m                                &amp#27;[90m# step_definitions.LoginStepDefinition.user_navigates_to_login_page()&amp#27;[0m
  &amp#27;[32mWhen &amp#27;[0m&amp#27;[32mUser fills the required fields with valid email and password&amp#27;[0m &amp#27;[90m# step_definitions.LoginStepDefinition.user_fills_the_required_fields_with_valid_email_and_password()&amp#27;[0m
  &amp#27;[32mAnd &amp#27;[0m&amp#27;[32mUser clicks login button&amp#27;[0m                                      &amp#27;[90m# step_definitions.LoginStepDefinition.user_clicks_login_button()&amp#27;[0m
  &amp#27;[32mThen &amp#27;[0m&amp#27;[32mUser could login successfully&amp#27;[0m                                &amp#27;[90m# step_definitions.LoginStepDefinition.user_could_login_successfully()&amp#27;[0m
  &amp#27;[32mWhen &amp#27;[0m&amp#27;[32mUser hover over electronics category&amp#27;[0m                         &amp#27;[90m# step_definitions.AddToCartStepDefinition.user_hover_over_electronics_category()&amp#27;[0m
  &amp#27;[32mAnd &amp#27;[0m&amp#27;[32mUser clicks Camera & photo sub-Category&amp#27;[0m                       &amp#27;[90m# step_definitions.AddToCartStepDefinition.user_clicks_camera_photo_sub_category()&amp#27;[0m
  &amp#27;[32mAnd &amp#27;[0m&amp#27;[32mUser clicks add to cart of a product&amp#27;[0m                          &amp#27;[90m# step_definitions.AddToCartStepDefinition.user_clicks_add_to_cart_of_a_product()&amp#27;[0m
  &amp#27;[32mAnd &amp#27;[0m&amp#27;[32mUser goes to cart&amp#27;[0m                                             &amp#27;[90m# step_definitions.AddToCartStepDefinition.user_goes_to_cart()&amp#27;[0m
  &amp#27;[31mThen &amp#27;[0m&amp#27;[31mProduct added successfully to the cart&amp#27;[0m                       &amp#27;[90m# step_definitions.AddToCartStepDefinition.product_added_successfully_to_the_cart()&amp#27;[0m
      &amp#27;[31morg.openqa.selenium.TimeoutException: Expected condition failed: waiting for visibility of element located by By.cssSelector: a[class='product-name'] (tried for 5 second(s) with 500 milliseconds interval)
Build info: version: '4.1.3', revision: '7b1ebf28ef'
System info: host: 'MOATAZ', ip: '192.168.56.1', os.name: 'Windows 10', os.arch: 'amd64', os.version: '10.0', java.version: '17.0.2'
Driver info: org.openqa.selenium.chrome.ChromeDriver
Capabilities {acceptInsecureCerts: false, browserName: chrome, browserVersion: 101.0.4951.54, chrome: {chromedriverVersion: 101.0.4951.41 (93c720db8323..., userDataDir: C:\Users\M\AppData\Local\Te...}, goog:chromeOptions: {debuggerAddress: localhost:3872}, javascriptEnabled: true, networkConnectionEnabled: false, pageLoadStrategy: normal, platform: WINDOWS, platformName: WINDOWS, proxy: Proxy(), se:cdp: ws://localhost:3872/devtool..., se:cdpVersion: 101.0.4951.54, setWindowRect: true, strictFileInteractability: false, timeouts: {implicit: 0, pageLoad: 300000, script: 30000}, unhandledPromptBehavior: dismiss and notify, webauthn:extension:credBlob: true, webauthn:extension:largeBlob: true, webauthn:virtualAuthenticators: true}
Session ID: 605a8ab5a5a73a422d38c76b7ddfb727
	at org.openqa.selenium.support.ui.WebDriverWait.timeoutException(WebDriverWait.java:87)
	at org.openqa.selenium.support.ui.FluentWait.until(FluentWait.java:231)
	at pages.CartPage.getProductAddedTitle(CartPage.java:32)
	at step_definitions.AddToCartStepDefinition.product_added_successfully_to_the_cart(AddToCartStepDefinition.java:49)
	at âœ½.Product added successfully to the cart(file:///C:/Users/M/IdeaProjects/EcommerceAppAutomationTestingProject/src/main/resources/features/F09_AddToCart.feature:15)
&amp#27;[0m

@regression
Scenario: Logged user could add different products to Shopping cart from the product page &amp#27;[90m# src/main/resources/features/F09_AddToCart.feature:17&amp#27;[0m
  &amp#27;[32mGiven &amp#27;[0m&amp#27;[32mUser navigates to login page&amp#27;[0m                                                      &amp#27;[90m# step_definitions.LoginStepDefinition.user_navigates_to_login_page()&amp#27;[0m
  &amp#27;[32mWhen &amp#27;[0m&amp#27;[32mUser fills the required fields with valid email and password&amp#27;[0m                       &amp#27;[90m# step_definitions.LoginStepDefinition.user_fills_the_required_fields_with_valid_email_and_password()&amp#27;[0m
  &amp#27;[32mAnd &amp#27;[0m&amp#27;[32mUser clicks login button&amp#27;[0m                                                            &amp#27;[90m# step_definitions.LoginStepDefinition.user_clicks_login_button()&amp#27;[0m
  &amp#27;[32mThen &amp#27;[0m&amp#27;[32mUser could login successfully&amp#27;[0m                                                      &amp#27;[90m# step_definitions.LoginStepDefinition.user_could_login_successfully()&amp#27;[0m
  &amp#27;[32mWhen &amp#27;[0m&amp#27;[32mUser hover over electronics category&amp#27;[0m                                               &amp#27;[90m# step_definitions.AddToCartStepDefinition.user_hover_over_electronics_category()&amp#27;[0m
  &amp#27;[32mAnd &amp#27;[0m&amp#27;[32mUser clicks Cell Phones sub-Category&amp#27;[0m                                                &amp#27;[90m# step_definitions.AddToCartStepDefinition.user_clicks_cell_phones_sub_category()&amp#27;[0m
  &amp#27;[32mAnd &amp#27;[0m&amp#27;[32mUser clicks a product from the shown products&amp#27;[0m                                       &amp#27;[90m# step_definitions.AddToCartStepDefinition.user_clicks_a_product_from_the_shown_products()&amp#27;[0m
  &amp#27;[32mAnd &amp#27;[0m&amp#27;[32mUser clicks add to cart of the product&amp#27;[0m                                              &amp#27;[90m# step_definitions.AddToCartStepDefinition.user_clicks_add_to_cart_of_the_product()&amp#27;[0m
  &amp#27;[32mAnd &amp#27;[0m&amp#27;[32mUser goes to cart&amp#27;[0m                                                                   &amp#27;[90m# step_definitions.AddToCartStepDefinition.user_goes_to_cart()&amp#27;[0m
  &amp#27;[32mThen &amp#27;[0m&amp#27;[32mThe Product added successfully to the cart&amp#27;[0m                                         &amp#27;[90m# step_definitions.AddToCartStepDefinition.theProductAddedSuccessfullyToTheCart()&amp#27;[0m
]]></system-out>
    <system-err><![CDATA[Starting ChromeDriver 101.0.4951.41 (93c720db8323b3ec10d056025ab95c23a31997c9-refs/branch-heads/4951@{#904}) on port 55811
Only local connections are allowed.
Please see https://chromedriver.chromium.org/security-considerations for suggestions on keeping ChromeDriver safe.
ChromeDriver was started successfully.
May 09, 2022 1:23:53 PM org.openqa.selenium.remote.ProtocolHandshake createSession
INFO: Detected dialect: W3C
May 09, 2022 1:23:53 PM org.openqa.selenium.devtools.CdpVersionFinder findNearestMatch
WARNING: Unable to find an exact match for CDP version 101, so returning the closest version found: 99
May 09, 2022 1:23:53 PM org.openqa.selenium.devtools.CdpVersionFinder findNearestMatch
INFO: Found CDP implementation for version 101 of 99
Starting ChromeDriver 101.0.4951.41 (93c720db8323b3ec10d056025ab95c23a31997c9-refs/branch-heads/4951@{#904}) on port 59982
Only local connections are allowed.
Please see https://chromedriver.chromium.org/security-considerations for suggestions on keeping ChromeDriver safe.
ChromeDriver was started successfully.
May 09, 2022 1:24:06 PM org.openqa.selenium.remote.ProtocolHandshake createSession
INFO: Detected dialect: W3C
May 09, 2022 1:24:06 PM org.openqa.selenium.devtools.CdpVersionFinder findNearestMatch
WARNING: Unable to find an exact match for CDP version 101, so returning the closest version found: 99
May 09, 2022 1:24:06 PM org.openqa.selenium.devtools.CdpVersionFinder findNearestMatch
INFO: Found CDP implementation for version 101 of 99
]]></system-err>
  </testcase>
  <testcase name="runScenario[&quot;Logged user could add different products to Wishlist&quot;, &quot;Optional[Add Product to Wishlist]&quot;](12)" classname="testrunner.TestRunner" time="7.523">
    <system-out><![CDATA[
@regression
Scenario: Logged user could add different products to Wishlist      &amp#27;[90m# src/main/resources/features/F10_AddToWishlist.feature:10&amp#27;[0m
  &amp#27;[32mGiven &amp#27;[0m&amp#27;[32mUser navigates to login page&amp#27;[0m                                &amp#27;[90m# step_definitions.LoginStepDefinition.user_navigates_to_login_page()&amp#27;[0m
  &amp#27;[32mWhen &amp#27;[0m&amp#27;[32mUser fills the required fields with valid email and password&amp#27;[0m &amp#27;[90m# step_definitions.LoginStepDefinition.user_fills_the_required_fields_with_valid_email_and_password()&amp#27;[0m
  &amp#27;[32mAnd &amp#27;[0m&amp#27;[32mUser clicks login button&amp#27;[0m                                      &amp#27;[90m# step_definitions.LoginStepDefinition.user_clicks_login_button()&amp#27;[0m
  &amp#27;[32mThen &amp#27;[0m&amp#27;[32mUser could login successfully&amp#27;[0m                                &amp#27;[90m# step_definitions.LoginStepDefinition.user_could_login_successfully()&amp#27;[0m
  &amp#27;[32mGiven &amp#27;[0m&amp#27;[32mWishlist is empty&amp#27;[0m                                           &amp#27;[90m# step_definitions.AddToWishlistStepDefinition.wishlist_is_empty()&amp#27;[0m
  &amp#27;[32mWhen &amp#27;[0m&amp#27;[32mUser clicks Books category&amp#27;[0m                                   &amp#27;[90m# step_definitions.AddToWishlistStepDefinition.user_clicks_books_category()&amp#27;[0m
  &amp#27;[32mAnd &amp#27;[0m&amp#27;[32mUser clicks Wishlist button of a product&amp#27;[0m                      &amp#27;[90m# step_definitions.AddToWishlistStepDefinition.user_clicks_wishlist_button_of_a_product()&amp#27;[0m
  &amp#27;[32mAnd &amp#27;[0m&amp#27;[32mUser goes to Wishlist&amp#27;[0m                                         &amp#27;[90m# step_definitions.AddToWishlistStepDefinition.user_goes_to_wishlist()&amp#27;[0m
  &amp#27;[32mThen &amp#27;[0m&amp#27;[32mProduct added successfully to the Wishlist&amp#27;[0m                   &amp#27;[90m# step_definitions.AddToWishlistStepDefinition.product_added_successfully_to_the_wishlist()&amp#27;[0m
]]></system-out>
    <system-err><![CDATA[Starting ChromeDriver 101.0.4951.41 (93c720db8323b3ec10d056025ab95c23a31997c9-refs/branch-heads/4951@{#904}) on port 55315
Only local connections are allowed.
Please see https://chromedriver.chromium.org/security-considerations for suggestions on keeping ChromeDriver safe.
ChromeDriver was started successfully.
May 09, 2022 1:24:19 PM org.openqa.selenium.remote.ProtocolHandshake createSession
INFO: Detected dialect: W3C
May 09, 2022 1:24:19 PM org.openqa.selenium.devtools.CdpVersionFinder findNearestMatch
WARNING: Unable to find an exact match for CDP version 101, so returning the closest version found: 99
May 09, 2022 1:24:19 PM org.openqa.selenium.devtools.CdpVersionFinder findNearestMatch
INFO: Found CDP implementation for version 101 of 99
]]></system-err>
  </testcase>
  <testcase name="runScenario[&quot;Logged user could add different products to Wishlist from the product page&quot;, &quot;Optional[Add Product to Wishlist]&quot;](13)" classname="testrunner.TestRunner" time="11.704">
    <system-out><![CDATA[
@regression
Scenario: Logged user could add different products to Wishlist from the product page &amp#27;[90m# src/main/resources/features/F10_AddToWishlist.feature:17&amp#27;[0m
  &amp#27;[32mGiven &amp#27;[0m&amp#27;[32mUser navigates to login page&amp#27;[0m                                                 &amp#27;[90m# step_definitions.LoginStepDefinition.user_navigates_to_login_page()&amp#27;[0m
  &amp#27;[32mWhen &amp#27;[0m&amp#27;[32mUser fills the required fields with valid email and password&amp#27;[0m                  &amp#27;[90m# step_definitions.LoginStepDefinition.user_fills_the_required_fields_with_valid_email_and_password()&amp#27;[0m
  &amp#27;[32mAnd &amp#27;[0m&amp#27;[32mUser clicks login button&amp#27;[0m                                                       &amp#27;[90m# step_definitions.LoginStepDefinition.user_clicks_login_button()&amp#27;[0m
  &amp#27;[32mThen &amp#27;[0m&amp#27;[32mUser could login successfully&amp#27;[0m                                                 &amp#27;[90m# step_definitions.LoginStepDefinition.user_could_login_successfully()&amp#27;[0m
  &amp#27;[32mGiven &amp#27;[0m&amp#27;[32mWishlist is empty&amp#27;[0m                                                            &amp#27;[90m# step_definitions.AddToWishlistStepDefinition.wishlist_is_empty()&amp#27;[0m
  &amp#27;[32mWhen &amp#27;[0m&amp#27;[32mUser clicks jewelry category&amp#27;[0m                                                  &amp#27;[90m# step_definitions.AddToWishlistStepDefinition.User_clicks_jewelry_category()&amp#27;[0m
  &amp#27;[32mAnd &amp#27;[0m&amp#27;[32mUser clicks a jewelry from the shown products&amp#27;[0m                                  &amp#27;[90m# step_definitions.AddToWishlistStepDefinition.User_clicks_a_jewelry_from_the_shown_products()&amp#27;[0m
  &amp#27;[32mAnd &amp#27;[0m&amp#27;[32mUser clicks add to Wishlist of the product&amp#27;[0m                                     &amp#27;[90m# step_definitions.AddToWishlistStepDefinition.user_clicks_add_to_wishlist_of_the_product()&amp#27;[0m
  &amp#27;[32mAnd &amp#27;[0m&amp#27;[32mUser goes to Wishlist&amp#27;[0m                                                          &amp#27;[90m# step_definitions.AddToWishlistStepDefinition.user_goes_to_wishlist()&amp#27;[0m
  &amp#27;[32mThen &amp#27;[0m&amp#27;[32mThe Product added successfully to the Wishlist&amp#27;[0m                                &amp#27;[90m# step_definitions.AddToWishlistStepDefinition.the_product_added_successfully_to_the_wishlist()&amp#27;[0m
]]></system-out>
    <system-err><![CDATA[Starting ChromeDriver 101.0.4951.41 (93c720db8323b3ec10d056025ab95c23a31997c9-refs/branch-heads/4951@{#904}) on port 55625
Only local connections are allowed.
Please see https://chromedriver.chromium.org/security-considerations for suggestions on keeping ChromeDriver safe.
ChromeDriver was started successfully.
May 09, 2022 1:24:26 PM org.openqa.selenium.remote.ProtocolHandshake createSession
INFO: Detected dialect: W3C
May 09, 2022 1:24:26 PM org.openqa.selenium.devtools.CdpVersionFinder findNearestMatch
WARNING: Unable to find an exact match for CDP version 101, so returning the closest version found: 99
May 09, 2022 1:24:26 PM org.openqa.selenium.devtools.CdpVersionFinder findNearestMatch
INFO: Found CDP implementation for version 101 of 99
]]></system-err>
  </testcase>
  <testcase name="runScenario[&quot;Logged user could add different products to compare list&quot;, &quot;Optional[Add Products to Compare List]&quot;](14)" classname="testrunner.TestRunner" time="10.315">
    <system-out><![CDATA[
@regression
Scenario: Logged user could add different products to compare list  &amp#27;[90m# src/main/resources/features/F11_AddToCompareList.feature:10&amp#27;[0m
  &amp#27;[32mGiven &amp#27;[0m&amp#27;[32mUser navigates to login page&amp#27;[0m                                &amp#27;[90m# step_definitions.LoginStepDefinition.user_navigates_to_login_page()&amp#27;[0m
  &amp#27;[32mWhen &amp#27;[0m&amp#27;[32mUser fills the required fields with valid email and password&amp#27;[0m &amp#27;[90m# step_definitions.LoginStepDefinition.user_fills_the_required_fields_with_valid_email_and_password()&amp#27;[0m
  &amp#27;[32mAnd &amp#27;[0m&amp#27;[32mUser clicks login button&amp#27;[0m                                      &amp#27;[90m# step_definitions.LoginStepDefinition.user_clicks_login_button()&amp#27;[0m
  &amp#27;[32mThen &amp#27;[0m&amp#27;[32mUser could login successfully&amp#27;[0m                                &amp#27;[90m# step_definitions.LoginStepDefinition.user_could_login_successfully()&amp#27;[0m
  &amp#27;[32mWhen &amp#27;[0m&amp#27;[32mUser hover over Computers category&amp#27;[0m                           &amp#27;[90m# step_definitions.CategoriesStepDefinition.user_hover_over_Computers_category()&amp#27;[0m
  &amp#27;[32mAnd &amp#27;[0m&amp#27;[32mUser clicks Notebooks sub-Category&amp#27;[0m                            &amp#27;[90m# step_definitions.AddToCompareListStepDefinition.user_clicks_notebooks_sub_category()&amp#27;[0m
  &amp#27;[32mAnd &amp#27;[0m&amp#27;[32mUser clicks compare button of the first product&amp#27;[0m               &amp#27;[90m# step_definitions.AddToCompareListStepDefinition.user_clicks_compare_button_of_the_first_product()&amp#27;[0m
  &amp#27;[32mAnd &amp#27;[0m&amp#27;[32mUser clicks the second product&amp#27;[0m                                &amp#27;[90m# step_definitions.AddToCompareListStepDefinition.user_clicks_the_second_product()&amp#27;[0m
  &amp#27;[32mAnd &amp#27;[0m&amp#27;[32mUser clicks add to compare list of the second product&amp#27;[0m         &amp#27;[90m# step_definitions.AddToCompareListStepDefinition.user_clicks_add_to_compare_list_of_the_second_product()&amp#27;[0m
  &amp#27;[32mAnd &amp#27;[0m&amp#27;[32mUser goes to compare products page&amp#27;[0m                            &amp#27;[90m# step_definitions.AddToCompareListStepDefinition.user_goes_to_compare_products_page()&amp#27;[0m
  &amp#27;[32mThen &amp#27;[0m&amp#27;[32mThe selected products are displayed&amp#27;[0m                          &amp#27;[90m# step_definitions.AddToCompareListStepDefinition.the_selected_products_are_displayed()&amp#27;[0m
]]></system-out>
    <system-err><![CDATA[Starting ChromeDriver 101.0.4951.41 (93c720db8323b3ec10d056025ab95c23a31997c9-refs/branch-heads/4951@{#904}) on port 64310
Only local connections are allowed.
Please see https://chromedriver.chromium.org/security-considerations for suggestions on keeping ChromeDriver safe.
ChromeDriver was started successfully.
May 09, 2022 1:24:38 PM org.openqa.selenium.remote.ProtocolHandshake createSession
INFO: Detected dialect: W3C
May 09, 2022 1:24:38 PM org.openqa.selenium.devtools.CdpVersionFinder findNearestMatch
WARNING: Unable to find an exact match for CDP version 101, so returning the closest version found: 99
May 09, 2022 1:24:38 PM org.openqa.selenium.devtools.CdpVersionFinder findNearestMatch
INFO: Found CDP implementation for version 101 of 99
]]></system-err>
  </testcase>
  <testcase name="runScenario[&quot;User can create successful Order&quot;, &quot;Optional[Create Order]&quot;](15)" classname="testrunner.TestRunner" time="14.775">
    <system-out><![CDATA[
@regression
Scenario: User can create successful Order                          &amp#27;[90m# src/main/resources/features/F12_CreateOrder.feature:10&amp#27;[0m
  &amp#27;[32mGiven &amp#27;[0m&amp#27;[32mUser navigates to login page&amp#27;[0m                                &amp#27;[90m# step_definitions.LoginStepDefinition.user_navigates_to_login_page()&amp#27;[0m
  &amp#27;[32mWhen &amp#27;[0m&amp#27;[32mUser fills the required fields with valid email and password&amp#27;[0m &amp#27;[90m# step_definitions.LoginStepDefinition.user_fills_the_required_fields_with_valid_email_and_password()&amp#27;[0m
  &amp#27;[32mAnd &amp#27;[0m&amp#27;[32mUser clicks login button&amp#27;[0m                                      &amp#27;[90m# step_definitions.LoginStepDefinition.user_clicks_login_button()&amp#27;[0m
  &amp#27;[32mThen &amp#27;[0m&amp#27;[32mUser could login successfully&amp#27;[0m                                &amp#27;[90m# step_definitions.LoginStepDefinition.user_could_login_successfully()&amp#27;[0m
  &amp#27;[32mGiven &amp#27;[0m&amp#27;[32mShopping cart is empty&amp#27;[0m                                      &amp#27;[90m# step_definitions.CreateOrderStepDefinition.shopping_cart_is_empty()&amp#27;[0m
  &amp#27;[32mWhen &amp#27;[0m&amp#27;[32mUser clicks Books category&amp#27;[0m                                   &amp#27;[90m# step_definitions.AddToWishlistStepDefinition.user_clicks_books_category()&amp#27;[0m
  &amp#27;[32mAnd &amp#27;[0m&amp#27;[32mUser clicks add to cart of a book&amp#27;[0m                             &amp#27;[90m# step_definitions.CreateOrderStepDefinition.user_clicks_add_to_cart_of_a_book()&amp#27;[0m
  &amp#27;[32mAnd &amp#27;[0m&amp#27;[32mUser goes to cart&amp#27;[0m                                             &amp#27;[90m# step_definitions.AddToCartStepDefinition.user_goes_to_cart()&amp#27;[0m
  &amp#27;[32mAnd &amp#27;[0m&amp#27;[32mUser clicks checkout button&amp#27;[0m                                   &amp#27;[90m# step_definitions.CreateOrderStepDefinition.user_clicks_checkout_button()&amp#27;[0m
  &amp#27;[32mAnd &amp#27;[0m&amp#27;[32mUser fills required fields of billing address&amp#27;[0m                 &amp#27;[90m# step_definitions.CreateOrderStepDefinition.user_fills_required_fields_of_billing_address()&amp#27;[0m
  &amp#27;[32mAnd &amp#27;[0m&amp#27;[32mUser selects shipping method and payment method&amp#27;[0m               &amp#27;[90m# step_definitions.CreateOrderStepDefinition.user_selects_shipping_method_and_payment_method()&amp#27;[0m
  &amp#27;[32mAnd &amp#27;[0m&amp#27;[32mUser confirms the order&amp#27;[0m                                       &amp#27;[90m# step_definitions.CreateOrderStepDefinition.user_confirms_the_order()&amp#27;[0m
Your order has been successfully processed!
ORDER NUMBER: 1031
Click here for order details.
CONTINUE
  &amp#27;[32mThen &amp#27;[0m&amp#27;[32mSuccessful message appears&amp#27;[0m                                   &amp#27;[90m# step_definitions.CreateOrderStepDefinition.successful_message_appears()&amp#27;[0m
]]></system-out>
    <system-err><![CDATA[Starting ChromeDriver 101.0.4951.41 (93c720db8323b3ec10d056025ab95c23a31997c9-refs/branch-heads/4951@{#904}) on port 50025
Only local connections are allowed.
Please see https://chromedriver.chromium.org/security-considerations for suggestions on keeping ChromeDriver safe.
ChromeDriver was started successfully.
May 09, 2022 1:24:48 PM org.openqa.selenium.remote.ProtocolHandshake createSession
INFO: Detected dialect: W3C
May 09, 2022 1:24:48 PM org.openqa.selenium.devtools.CdpVersionFinder findNearestMatch
WARNING: Unable to find an exact match for CDP version 101, so returning the closest version found: 99
May 09, 2022 1:24:48 PM org.openqa.selenium.devtools.CdpVersionFinder findNearestMatch
INFO: Found CDP implementation for version 101 of 99
]]></system-err>
  </testcase>
</testsuite>